2025-06-02 17:53:08,159 - INFO - add_initial_data.py:899 - Running script to add initial data to the database...
2025-06-02 17:53:08,161 - INFO - database_config.py:71 - Initializing database: sqlite:///C:\Projects\EDMS\edsi_database.db
2025-06-02 17:53:08,167 - INFO - database_config.py:84 - Database engine and session factory created
2025-06-02 17:53:08,167 - INFO - database_config.py:115 - Creating database tables...
2025-06-02 17:53:08,370 - INFO - database_config.py:119 - Database tables created: ['roles', 'user_roles', 'users', 'horse_owners', 'horse_locations', 'horses', 'owners', 'owner_billing_history', 'owner_payments', 'invoices', 'state_provinces', 'charge_code_categories', 'charge_codes', 'veterinarians', 'locations', 'transactions', 'transaction_details', 'procedures', 'drugs', 'treatment_logs', 'communication_logs', 'documents', 'reminders', 'appointments']
2025-06-02 17:53:08,370 - INFO - database_config.py:170 - Database connection test successful
2025-06-02 17:53:08,370 - INFO - database_config.py:188 - Ensuring default ADMIN user exists with bcrypt password.
2025-06-02 17:53:08,389 - WARNING - database_config.py:197 - Role 'ADMIN' not found. Creating it now. It's recommended to run add_initial_data.py for full role setup.
2025-06-02 17:53:08,390 - INFO - database_config.py:209 - Created 'ADMIN' role.
2025-06-02 17:53:08,392 - INFO - database_config.py:280 - ADMIN user not found. Creating new ADMIN user...
2025-06-02 17:53:08,552 - INFO - database_config.py:292 - Created new ADMIN user with bcrypt password.
2025-06-02 17:53:08,552 - INFO - database_config.py:296 - Linked ADMIN user to ADMIN role.
2025-06-02 17:53:08,557 - INFO - database_config.py:303 - Default ADMIN user ready (Username: ADMIN, Password: admin1234)
2025-06-02 17:53:08,557 - INFO - database_config.py:88 - Database initialization completed successfully
2025-06-02 17:53:08,557 - INFO - add_initial_data.py:906 - Database initialized and tables created (if they didn't exist).
2025-06-02 17:53:08,557 - INFO - add_initial_data.py:916 - Starting to add initial reference data...
2025-06-02 17:53:08,558 - INFO - add_initial_data.py:99 - Role 'ADMIN' already exists, skipping.
2025-06-02 17:53:08,558 - INFO - add_initial_data.py:97 - Prepared role: MANAGER
2025-06-02 17:53:08,558 - INFO - add_initial_data.py:97 - Prepared role: VETERINARIAN
2025-06-02 17:53:08,558 - INFO - add_initial_data.py:97 - Prepared role: TECHNICIAN
2025-06-02 17:53:08,560 - INFO - add_initial_data.py:97 - Prepared role: RECEPTIONIST
2025-06-02 17:53:08,560 - INFO - add_initial_data.py:97 - Prepared role: CLIENT
2025-06-02 17:53:08,560 - INFO - add_initial_data.py:102 - Successfully prepared 5 new roles.
2025-06-02 17:53:08,560 - INFO - add_initial_data.py:133 - Admin user 'ADMIN' already exists.
2025-06-02 17:53:08,725 - INFO - add_initial_data.py:183 - Preparing charge code categories...
2025-06-02 17:53:08,726 - INFO - add_initial_data.py:232 - Prepared category: VETERINARY (Level 1, Parent ID: None) with ID 1
2025-06-02 17:53:08,728 - INFO - add_initial_data.py:232 - Prepared category: ANTHELMINTICS (Level 2, Parent ID: 1) with ID 2
2025-06-02 17:53:08,729 - INFO - add_initial_data.py:232 - Prepared category: ADMINISTERED (Level 3, Parent ID: 2) with ID 3
2025-06-02 17:53:08,729 - INFO - add_initial_data.py:232 - Prepared category: DISPENSED (Level 3, Parent ID: 2) with ID 4
2025-06-02 17:53:08,731 - INFO - add_initial_data.py:232 - Prepared category: EXAMINATIONS (Level 2, Parent ID: 1) with ID 5
2025-06-02 17:53:08,732 - INFO - add_initial_data.py:232 - Prepared category: IMMUNIZATIONS (Level 2, Parent ID: 1) with ID 6
2025-06-02 17:53:08,732 - INFO - add_initial_data.py:232 - Prepared category: LABORATORY (Level 2, Parent ID: 1) with ID 7
2025-06-02 17:53:08,734 - INFO - add_initial_data.py:232 - Prepared category: CALL FEES (Level 1, Parent ID: None) with ID 8
2025-06-02 17:53:08,734 - INFO - add_initial_data.py:247 - Successfully prepared new charge code categories.
2025-06-02 17:53:08,738 - INFO - add_initial_data.py:724 - Prepared state/province: Alabama
2025-06-02 17:53:08,738 - INFO - add_initial_data.py:724 - Prepared state/province: Alaska
2025-06-02 17:53:08,738 - INFO - add_initial_data.py:724 - Prepared state/province: Arizona
2025-06-02 17:53:08,740 - INFO - add_initial_data.py:724 - Prepared state/province: Arkansas
2025-06-02 17:53:08,740 - INFO - add_initial_data.py:724 - Prepared state/province: California
2025-06-02 17:53:08,740 - INFO - add_initial_data.py:724 - Prepared state/province: Colorado
2025-06-02 17:53:08,740 - INFO - add_initial_data.py:724 - Prepared state/province: Connecticut
2025-06-02 17:53:08,740 - INFO - add_initial_data.py:724 - Prepared state/province: Delaware
2025-06-02 17:53:08,741 - INFO - add_initial_data.py:724 - Prepared state/province: Florida
2025-06-02 17:53:08,742 - INFO - add_initial_data.py:724 - Prepared state/province: Georgia
2025-06-02 17:53:08,742 - INFO - add_initial_data.py:724 - Prepared state/province: Hawaii
2025-06-02 17:53:08,742 - INFO - add_initial_data.py:724 - Prepared state/province: Idaho
2025-06-02 17:53:08,742 - INFO - add_initial_data.py:724 - Prepared state/province: Illinois
2025-06-02 17:53:08,742 - INFO - add_initial_data.py:724 - Prepared state/province: Indiana
2025-06-02 17:53:08,742 - INFO - add_initial_data.py:724 - Prepared state/province: Iowa
2025-06-02 17:53:08,742 - INFO - add_initial_data.py:724 - Prepared state/province: Kansas
2025-06-02 17:53:08,744 - INFO - add_initial_data.py:724 - Prepared state/province: Kentucky
2025-06-02 17:53:08,744 - INFO - add_initial_data.py:724 - Prepared state/province: Louisiana
2025-06-02 17:53:08,744 - INFO - add_initial_data.py:724 - Prepared state/province: Maine
2025-06-02 17:53:08,744 - INFO - add_initial_data.py:724 - Prepared state/province: Maryland
2025-06-02 17:53:08,744 - INFO - add_initial_data.py:724 - Prepared state/province: Massachusetts
2025-06-02 17:53:08,744 - INFO - add_initial_data.py:724 - Prepared state/province: Michigan
2025-06-02 17:53:08,745 - INFO - add_initial_data.py:724 - Prepared state/province: Minnesota
2025-06-02 17:53:08,745 - INFO - add_initial_data.py:724 - Prepared state/province: Mississippi
2025-06-02 17:53:08,745 - INFO - add_initial_data.py:724 - Prepared state/province: Missouri
2025-06-02 17:53:08,745 - INFO - add_initial_data.py:724 - Prepared state/province: Montana
2025-06-02 17:53:08,745 - INFO - add_initial_data.py:724 - Prepared state/province: Nebraska
2025-06-02 17:53:08,747 - INFO - add_initial_data.py:724 - Prepared state/province: Nevada
2025-06-02 17:53:08,747 - INFO - add_initial_data.py:724 - Prepared state/province: New Hampshire
2025-06-02 17:53:08,747 - INFO - add_initial_data.py:724 - Prepared state/province: New Jersey
2025-06-02 17:53:08,747 - INFO - add_initial_data.py:724 - Prepared state/province: New Mexico
2025-06-02 17:53:08,747 - INFO - add_initial_data.py:724 - Prepared state/province: New York
2025-06-02 17:53:08,747 - INFO - add_initial_data.py:724 - Prepared state/province: North Carolina
2025-06-02 17:53:08,748 - INFO - add_initial_data.py:724 - Prepared state/province: North Dakota
2025-06-02 17:53:08,748 - INFO - add_initial_data.py:724 - Prepared state/province: Ohio
2025-06-02 17:53:08,748 - INFO - add_initial_data.py:724 - Prepared state/province: Oklahoma
2025-06-02 17:53:08,748 - INFO - add_initial_data.py:724 - Prepared state/province: Oregon
2025-06-02 17:53:08,748 - INFO - add_initial_data.py:724 - Prepared state/province: Pennsylvania
2025-06-02 17:53:08,748 - INFO - add_initial_data.py:724 - Prepared state/province: Rhode Island
2025-06-02 17:53:08,750 - INFO - add_initial_data.py:724 - Prepared state/province: South Carolina
2025-06-02 17:53:08,750 - INFO - add_initial_data.py:724 - Prepared state/province: South Dakota
2025-06-02 17:53:08,750 - INFO - add_initial_data.py:724 - Prepared state/province: Tennessee
2025-06-02 17:53:08,750 - INFO - add_initial_data.py:724 - Prepared state/province: Texas
2025-06-02 17:53:08,750 - INFO - add_initial_data.py:724 - Prepared state/province: Utah
2025-06-02 17:53:08,750 - INFO - add_initial_data.py:724 - Prepared state/province: Vermont
2025-06-02 17:53:08,752 - INFO - add_initial_data.py:724 - Prepared state/province: Virginia
2025-06-02 17:53:08,752 - INFO - add_initial_data.py:724 - Prepared state/province: Washington
2025-06-02 17:53:08,752 - INFO - add_initial_data.py:724 - Prepared state/province: West Virginia
2025-06-02 17:53:08,753 - INFO - add_initial_data.py:724 - Prepared state/province: Wisconsin
2025-06-02 17:53:08,753 - INFO - add_initial_data.py:724 - Prepared state/province: Wyoming
2025-06-02 17:53:08,754 - INFO - add_initial_data.py:724 - Prepared state/province: Alberta
2025-06-02 17:53:08,754 - INFO - add_initial_data.py:724 - Prepared state/province: British Columbia
2025-06-02 17:53:08,754 - INFO - add_initial_data.py:724 - Prepared state/province: Manitoba
2025-06-02 17:53:08,754 - INFO - add_initial_data.py:724 - Prepared state/province: New Brunswick
2025-06-02 17:53:08,754 - INFO - add_initial_data.py:724 - Prepared state/province: Newfoundland and Labrador
2025-06-02 17:53:08,754 - INFO - add_initial_data.py:724 - Prepared state/province: Nova Scotia
2025-06-02 17:53:08,756 - INFO - add_initial_data.py:724 - Prepared state/province: Ontario
2025-06-02 17:53:08,756 - INFO - add_initial_data.py:724 - Prepared state/province: Prince Edward Island
2025-06-02 17:53:08,756 - INFO - add_initial_data.py:724 - Prepared state/province: Quebec
2025-06-02 17:53:08,756 - INFO - add_initial_data.py:724 - Prepared state/province: Saskatchewan
2025-06-02 17:53:08,756 - INFO - add_initial_data.py:727 - Added 60 new states/provinces.
2025-06-02 17:53:08,763 - INFO - add_initial_data.py:805 - Prepared location: Main Stable
2025-06-02 17:53:08,765 - INFO - add_initial_data.py:805 - Prepared location: Quarantine Barn
2025-06-02 17:53:08,765 - INFO - add_initial_data.py:805 - Prepared location: West Wing Stalls
2025-06-02 17:53:08,766 - INFO - add_initial_data.py:805 - Prepared location: Rusty Stable Farm
2025-06-02 17:53:08,766 - INFO - add_initial_data.py:805 - Prepared location: Quail Pond Farm
2025-06-02 17:53:08,768 - INFO - add_initial_data.py:881 - Prepared owner: Willow Creek Stables
2025-06-02 17:53:08,769 - INFO - add_initial_data.py:881 - Prepared owner: Davis
2025-06-02 17:53:08,771 - INFO - add_initial_data.py:881 - Prepared owner: Blue Ribbon Equine
2025-06-02 17:53:08,771 - INFO - add_initial_data.py:279 - Preparing sample charge codes with hierarchical categories...
2025-06-02 17:53:08,772 - INFO - add_initial_data.py:329 - Prepared charge code: 9991 with category_id: 3
2025-06-02 17:53:08,774 - INFO - add_initial_data.py:329 - Prepared charge code: EXAM001 with category_id: 5
2025-06-02 17:53:08,774 - INFO - add_initial_data.py:342 - Successfully prepared 2 new charge codes.
2025-06-02 17:53:08,780 - INFO - add_initial_data.py:951 - Initial data setup process completed and committed successfully.
2025-06-02 17:53:08,781 - INFO - add_initial_data.py:971 - Database session closed.
