2025-05-20 23:21:14,180 - INFO - EDSIApplication - main:158 - Login area clicked on splash screen.
2025-05-20 23:21:24,818 - INFO - UserController - user_controller:97 - Password validated successfully for active user 'ADMIN'.
2025-05-20 23:21:24,818 - INFO - SmallLoginDialog - small_login_dialog:185 - Password validation successful for user 'ADMIN'.
2025-05-20 23:21:24,820 - INFO - SmallLoginDialog - small_login_dialog:189 - User 'ADMIN' logged in successfully via small dialog.
2025-05-20 23:21:24,820 - INFO - EDSIApplication - main:187 - User 'ADMIN' logged in successfully.
2025-05-20 23:21:24,830 - INFO - HorseUnifiedManagement - horse_unified_management:97 - HorseUnifiedManagement __init__ started for user: ADMIN
2025-05-20 23:21:25,025 - INFO - HorseUnifiedManagement - horse_unified_management:119 - HorseUnifiedManagement screen __init__ finished (initial data load deferred).
2025-05-20 23:21:25,025 - INFO - EDSIApplication - main:221 - About to call self.horse_management_screen.show()
2025-05-20 23:21:25,072 - INFO - HorseUnifiedManagement - horse_unified_management:124 - HorseUnifiedManagement showEvent triggered.
2025-05-20 23:21:25,072 - INFO - HorseUnifiedManagement - horse_unified_management:129 - HorseUnifiedManagement is now visible.
2025-05-20 23:21:25,082 - INFO - EDSIApplication - main:223 - Horse Management Screen show() called.
2025-05-20 23:21:25,124 - INFO - HorseUnifiedManagement - horse_unified_management:725 - load_initial_data called.
2025-05-20 23:21:25,124 - INFO - HorseUnifiedManagement - horse_unified_management:743 - Loading horses (Status: active, Search: '')
2025-05-20 23:21:25,139 - INFO - HorseUnifiedManagement - horse_unified_management:910 - Loading details for horse ID: 4
2025-05-20 23:21:44,354 - INFO - LocationTab - location_tab:265 - Initiating Assign Existing Location for horse: Daisy
2025-05-20 23:21:44,358 - INFO - SelectExistingLocationDialog - select_existing_location_dialog:202 - Loaded 3 active locations initially.
2025-05-20 23:21:45,719 - INFO - SelectExistingLocationDialog - select_existing_location_dialog:247 - Location selected: ID 3, Display: Hayfever Farms (Moorestown, NJ)
2025-05-20 23:21:46,696 - INFO - HorseUnifiedManagement - horse_unified_management:530 - HorseUnifiedManagement received location_assignment_changed: {'id': 3, 'name': 'Hayfever Farms'}
2025-05-20 23:21:46,696 - INFO - BasicInfoTab - basic_info_tab:460 - BasicInfoTab received update_displayed_location: ID=3, Name='Hayfever Farms'
2025-05-20 23:21:46,697 - INFO - HorseUnifiedManagement - horse_unified_management:530 - HorseUnifiedManagement received location_assignment_changed: {'id': 3, 'name': 'Hayfever Farms'}
2025-05-20 23:21:46,697 - INFO - BasicInfoTab - basic_info_tab:460 - BasicInfoTab received update_displayed_location: ID=3, Name='Hayfever Farms'
2025-05-20 23:21:46,699 - INFO - HorseUnifiedManagement - base_view:293 - Displaying Info: Location Assigned - Horse assigned to location: Hayfever Farms
2025-05-20 23:21:48,303 - INFO - LocationTab - location_tab:332 - Horse ID 4 assigned to Location ID 3 ('Hayfever Farms') in UI. Awaiting main save.
2025-05-20 23:21:53,098 - INFO - HorseUnifiedManagement - base_view:297 - Asking Question: Unsaved Changes - Discard and refresh?
2025-05-20 23:21:55,591 - INFO - HorseUnifiedManagement - horse_unified_management:743 - Loading horses (Status: active, Search: '')
2025-05-20 23:21:55,592 - INFO - HorseUnifiedManagement - horse_unified_management:910 - Loading details for horse ID: 1
2025-05-20 23:21:55,601 - INFO - HorseUnifiedManagement - horse_unified_management:910 - Loading details for horse ID: 4
2025-05-20 23:21:55,604 - INFO - HorseUnifiedManagement - horse_unified_management:910 - Loading details for horse ID: 4
2025-05-20 23:22:07,210 - INFO - UserManagementScreen - user_management_screen:166 - UserManagementScreen _setup_ui CALLED (SIMPLIFIED FOR DIAGNOSIS).
2025-05-20 23:22:07,210 - INFO - UserManagementScreen - user_management_screen:96 - UserManagementScreen initialized for user: ADMIN.
2025-05-20 23:22:07,241 - INFO - EDSIApplication - main:255 - User Management Screen displayed.
2025-05-20 23:22:07,314 - INFO - UserManagementScreen - user_management_screen:188 - UserManagementScreen: _load_initial_data called (data loading bypassed for simplified UI test).
2025-05-21 09:44:22,726 - INFO - EDSIApplication - main:322 - EDSI Veterinary Management System event loop finished. Exit code: 0
2025-05-21 09:44:22,727 - INFO - root - main:334 - Application exiting with code 0.
